<?xml version="1.0" encoding="UTF-8"?>
<testsuite name="Test.NewTest" tests="1" skipped="0" failures="1" errors="0" timestamp="2017-06-06T12:14:31" hostname="MdAshrafs-MacBook-Pro.local" time="58.074">
  <properties/>
  <testcase name="testUntitled" classname="Test.NewTest" time="58.074">
    <failure message="org.openqa.selenium.TimeoutException: Timed out after 30 seconds waiting for presence of element located by: By.xpath: //*[@id='signup_user_name_edit_text']&#10;Build info: version: '2.53.1', revision: 'a36b8b1cd5757287168e54b817830adce9b0158d', time: '2016-06-30 19:26:09'&#10;System info: host: 'MdAshrafs-MacBook-Pro.local', ip: '10.128.7.213', os.name: 'Mac OS X', os.arch: 'x86_64', os.version: '10.12.5', java.version: '1.8.0_111'&#10;Driver info: com.experitest.appium.SeeTestAndroidDriver&#10;Capabilities [{appPackage=com.giphy.messenger.debug, dontGoHomeOnQuit=false, noReset=false, dontStopAppOnReset=false, instrumentApp=false, reservationDuration=240, reportFormat=xml, fullReset=false, appActivity=com.giphy.messenger.app.MainActivity, waitForDeviceTimeout=120000, useRemoteGrid=false, reportDirectory=reports, [enableclientlog, enableclientlogger]=false, autoWebview=false, udid=0988beed027f8ab4, platformName=Android, projectName=, testName=Untitled}]&#10;Session ID: 20db" type="org.openqa.selenium.TimeoutException">org.openqa.selenium.TimeoutException: Timed out after 30 seconds waiting for presence of element located by: By.xpath: //*[@id='signup_user_name_edit_text']
Build info: version: '2.53.1', revision: 'a36b8b1cd5757287168e54b817830adce9b0158d', time: '2016-06-30 19:26:09'
System info: host: 'MdAshrafs-MacBook-Pro.local', ip: '10.128.7.213', os.name: 'Mac OS X', os.arch: 'x86_64', os.version: '10.12.5', java.version: '1.8.0_111'
Driver info: com.experitest.appium.SeeTestAndroidDriver
Capabilities [{appPackage=com.giphy.messenger.debug, dontGoHomeOnQuit=false, noReset=false, dontStopAppOnReset=false, instrumentApp=false, reservationDuration=240, reportFormat=xml, fullReset=false, appActivity=com.giphy.messenger.app.MainActivity, waitForDeviceTimeout=120000, useRemoteGrid=false, reportDirectory=reports, [enableclientlog, enableclientlogger]=false, autoWebview=false, udid=0988beed027f8ab4, platformName=Android, projectName=, testName=Untitled}]
Session ID: 20db
	at org.openqa.selenium.support.ui.WebDriverWait.timeoutException(WebDriverWait.java:80)
	at org.openqa.selenium.support.ui.FluentWait.until(FluentWait.java:261)
	at Test.NewTest.testUntitled(NewTest.java:54)
	at sun.reflect.NativeMethodAccessorImpl.invoke0(Native Method)
	at sun.reflect.NativeMethodAccessorImpl.invoke(NativeMethodAccessorImpl.java:62)
	at sun.reflect.DelegatingMethodAccessorImpl.invoke(DelegatingMethodAccessorImpl.java:43)
	at java.lang.reflect.Method.invoke(Method.java:498)
	at org.junit.runners.model.FrameworkMethod$1.runReflectiveCall(FrameworkMethod.java:50)
	at org.junit.internal.runners.model.ReflectiveCallable.run(ReflectiveCallable.java:12)
	at org.junit.runners.model.FrameworkMethod.invokeExplosively(FrameworkMethod.java:47)
	at org.junit.internal.runners.statements.InvokeMethod.evaluate(InvokeMethod.java:17)
	at org.junit.internal.runners.statements.RunBefores.evaluate(RunBefores.java:26)
	at org.junit.internal.runners.statements.RunAfters.evaluate(RunAfters.java:27)
	at org.junit.runners.ParentRunner.runLeaf(ParentRunner.java:325)
	at org.junit.runners.BlockJUnit4ClassRunner.runChild(BlockJUnit4ClassRunner.java:78)
	at org.junit.runners.BlockJUnit4ClassRunner.runChild(BlockJUnit4ClassRunner.java:57)
	at org.junit.runners.ParentRunner$3.run(ParentRunner.java:290)
	at org.junit.runners.ParentRunner$1.schedule(ParentRunner.java:71)
	at org.junit.runners.ParentRunner.runChildren(ParentRunner.java:288)
	at org.junit.runners.ParentRunner.access$000(ParentRunner.java:58)
	at org.junit.runners.ParentRunner$2.evaluate(ParentRunner.java:268)
	at org.junit.runners.ParentRunner.run(ParentRunner.java:363)
	at org.gradle.api.internal.tasks.testing.junit.JUnitTestClassExecuter.runTestClass(JUnitTestClassExecuter.java:114)
	at org.gradle.api.internal.tasks.testing.junit.JUnitTestClassExecuter.execute(JUnitTestClassExecuter.java:57)
	at org.gradle.api.internal.tasks.testing.junit.JUnitTestClassProcessor.processTestClass(JUnitTestClassProcessor.java:66)
	at org.gradle.api.internal.tasks.testing.SuiteTestClassProcessor.processTestClass(SuiteTestClassProcessor.java:51)
	at sun.reflect.NativeMethodAccessorImpl.invoke0(Native Method)
	at sun.reflect.NativeMethodAccessorImpl.invoke(NativeMethodAccessorImpl.java:62)
	at sun.reflect.DelegatingMethodAccessorImpl.invoke(DelegatingMethodAccessorImpl.java:43)
	at java.lang.reflect.Method.invoke(Method.java:498)
	at org.gradle.internal.dispatch.ReflectionDispatch.dispatch(ReflectionDispatch.java:35)
	at org.gradle.internal.dispatch.ReflectionDispatch.dispatch(ReflectionDispatch.java:24)
	at org.gradle.internal.dispatch.ContextClassLoaderDispatch.dispatch(ContextClassLoaderDispatch.java:32)
	at org.gradle.internal.dispatch.ProxyDispatchAdapter$DispatchingInvocationHandler.invoke(ProxyDispatchAdapter.java:93)
	at com.sun.proxy.$Proxy2.processTestClass(Unknown Source)
	at org.gradle.api.internal.tasks.testing.worker.TestWorker.processTestClass(TestWorker.java:109)
	at sun.reflect.NativeMethodAccessorImpl.invoke0(Native Method)
	at sun.reflect.NativeMethodAccessorImpl.invoke(NativeMethodAccessorImpl.java:62)
	at sun.reflect.DelegatingMethodAccessorImpl.invoke(DelegatingMethodAccessorImpl.java:43)
	at java.lang.reflect.Method.invoke(Method.java:498)
	at org.gradle.internal.dispatch.ReflectionDispatch.dispatch(ReflectionDispatch.java:35)
	at org.gradle.internal.dispatch.ReflectionDispatch.dispatch(ReflectionDispatch.java:24)
	at org.gradle.internal.remote.internal.hub.MessageHub$Handler.run(MessageHub.java:377)
	at org.gradle.internal.concurrent.ExecutorPolicy$CatchAndRecordFailures.onExecute(ExecutorPolicy.java:54)
	at org.gradle.internal.concurrent.StoppableExecutorImpl$1.run(StoppableExecutorImpl.java:40)
	at java.util.concurrent.ThreadPoolExecutor.runWorker(ThreadPoolExecutor.java:1142)
	at java.util.concurrent.ThreadPoolExecutor$Worker.run(ThreadPoolExecutor.java:617)
	at java.lang.Thread.run(Thread.java:745)
Caused by: org.openqa.selenium.NoSuchElementException: org.openqa.selenium.NoSuchElementException: An element could not be located on the page using the given search parameters
For documentation on this error, please visit: http://seleniumhq.org/exceptions/no_such_element.html
Build info: version: '2.53.1', revision: 'a36b8b1cd5757287168e54b817830adce9b0158d', time: '2016-06-30 19:26:09'
System info: host: 'MdAshrafs-MacBook-Pro.local', ip: '10.128.7.213', os.name: 'Mac OS X', os.arch: 'x86_64', os.version: '10.12.5', java.version: '1.8.0_111'
Driver info: driver.version: SeeTestAndroidDriver
	at com.experitest.appium.STExceptions.throwNoSuchElementException(STExceptions.java:8)
	at com.experitest.appium.SeeTestAndroidElement.findElementBy(SeeTestAndroidElement.java:36)
	at com.experitest.appium.SeeTestAndroidDriver.findElementBy(SeeTestAndroidDriver.java:137)
	at com.experitest.appium.SeeTestAndroidDriver.findElementByXPath(SeeTestAndroidDriver.java:645)
	at org.openqa.selenium.By$ByXPath.findElement(By.java:361)
	at org.openqa.selenium.remote.RemoteWebDriver.findElement(RemoteWebDriver.java:355)
	at io.appium.java_client.DefaultGenericMobileDriver.findElement(DefaultGenericMobileDriver.java:52)
	at io.appium.java_client.AppiumDriver.findElement(AppiumDriver.java:1)
	at io.appium.java_client.android.AndroidDriver.findElement(AndroidDriver.java:1)
	at com.experitest.appium.SeeTestAndroidDriver.findElement(SeeTestAndroidDriver.java:867)
	at org.openqa.selenium.support.ui.ExpectedConditions.findElement(ExpectedConditions.java:899)
	at org.openqa.selenium.support.ui.ExpectedConditions.access$000(ExpectedConditions.java:41)
	at org.openqa.selenium.support.ui.ExpectedConditions$6.apply(ExpectedConditions.java:181)
	at org.openqa.selenium.support.ui.ExpectedConditions$6.apply(ExpectedConditions.java:178)
	at org.openqa.selenium.support.ui.FluentWait.until(FluentWait.java:238)
	... 46 more
</failure>
  </testcase>
  <system-out><![CDATA[[Tue Jun 06 17:44:32 IST 2017] [driver] Starting test: 'Untitled'
[Tue Jun 06 17:44:32 IST 2017] [driver] {appPackage=com.giphy.messenger.debug, dontGoHomeOnQuit=false, noReset=false, dontStopAppOnReset=false, instrumentApp=false, reservationDuration=240, reportFormat=xml, fullReset=false, appActivity=com.giphy.messenger.app.MainActivity, waitForDeviceTimeout=120000, useRemoteGrid=false, reportDirectory=reports, [enableclientlog, enableclientlogger]=false, autoWebview=false, udid=0988beed027f8ab4, platformName=Android, testName=Untitled}
[Tue Jun 06 17:44:32 IST 2017] [driver] context: NATIVE_APP
[Tue Jun 06 17:44:32 IST 2017] [driver] application under test: 
[Tue Jun 06 17:44:32 IST 2017] [driver] app path: null
[Tue Jun 06 17:44:32 IST 2017] [driver] full reset: false
[Tue Jun 06 17:44:32 IST 2017] [driver] instrument: false
[Tue Jun 06 17:44:32 IST 2017] [driver] no reset: false
[Tue Jun 06 17:44:32 IST 2017] [driver] package name: com.giphy.messenger.debug
[Tue Jun 06 17:44:32 IST 2017] [driver] activity name: com.giphy.messenger.app.MainActivity
[Tue Jun 06 17:44:32 IST 2017] [driver] stop on reset: true
[Tue Jun 06 17:44:32 IST 2017] [driver] browser: false
[Tue Jun 06 17:44:32 IST 2017] [driver] connecting localhost:8889
[Tue Jun 06 17:44:32 IST 2017] [driver] Call of getSessionID returned: 20db
[Tue Jun 06 17:44:32 IST 2017] [driver] setting reporter directory: reports
[Tue Jun 06 17:44:32 IST 2017] [driver] setting reporter format: xml
[Tue Jun 06 17:44:32 IST 2017] [driver] setting test name: Untitled
[Tue Jun 06 17:44:32 IST 2017] [driver] wait for device '@serialnumber='0988beed027f8ab4'' timeout-ms='120000'
[Tue Jun 06 17:44:32 IST 2017] [driver] Device 'adb:Nexus 5' ready
[Tue Jun 06 17:44:33 IST 2017] [driver] launching com.giphy.messenger.debug/com.giphy.messenger.app.MainActivity ...
[Tue Jun 06 17:44:41 IST 2017] [driver] Call of launchApp returned: native
[Tue Jun 06 17:44:41 IST 2017] [20db] [driver] [start] findElement(By.xpath: //*[@id='user_avatar_image_gif'])
[Tue Jun 06 17:44:41 IST 2017] [20db] [driver] [start] findElementByXPath("//*[@id='user_avatar_image_gif']")
[Tue Jun 06 17:44:44 IST 2017] [20db] [driver] [end] findElementByXPath
[Tue Jun 06 17:44:44 IST 2017] [20db] [driver] [end] findElement
[Tue Jun 06 17:44:44 IST 2017] [20db] [element] [start] click()
[Tue Jun 06 17:44:44 IST 2017] [20db] [element] [end] click
[Tue Jun 06 17:44:44 IST 2017] [20db] [driver] [start] findElement(By.id: join_giphy_text)
[Tue Jun 06 17:44:44 IST 2017] [20db] [driver] [start] findElementById("join_giphy_text")
[Tue Jun 06 17:44:46 IST 2017] [20db] [driver] [end] findElementById
[Tue Jun 06 17:44:46 IST 2017] [20db] [driver] [end] findElement
[Tue Jun 06 17:44:46 IST 2017] [20db] [element] [start] getLocation()
[Tue Jun 06 17:44:47 IST 2017] [20db] [element] [end] getLocation
[Tue Jun 06 17:44:47 IST 2017] [20db] [element] [start] getSize()
[Tue Jun 06 17:44:48 IST 2017] [20db] [element] [end] getSize
[Tue Jun 06 17:44:48 IST 2017] [20db] [element] [start] getSize()
[Tue Jun 06 17:44:49 IST 2017] [20db] [element] [end] getSize
1080
[Tue Jun 06 17:44:49 IST 2017] [20db] [driver] [start] performTouchAction(io.appium.java_client.TouchAction@2ffc5f67)
[Tue Jun 06 17:44:49 IST 2017] [20db] [driver] [start] execute("performTouchAction")
[Tue Jun 06 17:44:49 IST 2017] [20db] [driver] [end] execute
[Tue Jun 06 17:44:49 IST 2017] [20db] [driver] [end] performTouchAction
[Tue Jun 06 17:44:49 IST 2017] [20db] [driver] [start] findElement(By.xpath: //*[@id='signup_user_name_edit_text'])
[Tue Jun 06 17:44:49 IST 2017] [20db] [driver] [start] findElementByXPath("//*[@id='signup_user_name_edit_text']")
[Tue Jun 06 17:45:00 IST 2017] [20db] [driver] [end] findElementByXPath
[Tue Jun 06 17:45:00 IST 2017] [20db] [driver] [end] findElement
[Tue Jun 06 17:45:00 IST 2017] [20db] [driver] [start] findElement(By.xpath: //*[@id='signup_user_name_edit_text'])
[Tue Jun 06 17:45:00 IST 2017] [20db] [driver] [start] findElementByXPath("//*[@id='signup_user_name_edit_text']")
[Tue Jun 06 17:45:11 IST 2017] [20db] [driver] [end] findElementByXPath
[Tue Jun 06 17:45:11 IST 2017] [20db] [driver] [end] findElement
[Tue Jun 06 17:45:11 IST 2017] [20db] [driver] [start] findElement(By.xpath: //*[@id='signup_user_name_edit_text'])
[Tue Jun 06 17:45:11 IST 2017] [20db] [driver] [start] findElementByXPath("//*[@id='signup_user_name_edit_text']")
[Tue Jun 06 17:45:22 IST 2017] [20db] [driver] [end] findElementByXPath
[Tue Jun 06 17:45:22 IST 2017] [20db] [driver] [end] findElement
[Tue Jun 06 17:45:22 IST 2017] [20db] [driver] [start] getSessionId()
[Tue Jun 06 17:45:22 IST 2017] [driver] Call of getSessionID returned: 20db
[Tue Jun 06 17:45:22 IST 2017] [20db] [driver] [end] getSessionId
[Tue Jun 06 17:45:22 IST 2017] [20db] [driver] [start] getSessionId()
[Tue Jun 06 17:45:22 IST 2017] [driver] Call of getSessionID returned: 20db
[Tue Jun 06 17:45:22 IST 2017] [20db] [driver] [end] getSessionId
[Tue Jun 06 17:45:22 IST 2017] [20db] [driver] [start] getCapabilities()
[Tue Jun 06 17:45:22 IST 2017] [20db] [driver] [end] getCapabilities
[Tue Jun 06 17:45:22 IST 2017] [20db] [driver] [start] getCapabilities()
[Tue Jun 06 17:45:22 IST 2017] [20db] [driver] [end] getCapabilities
[Tue Jun 06 17:45:22 IST 2017] [20db] [driver] [start] quit()
[Tue Jun 06 17:45:29 IST 2017] [driver] Call of close returned: /Users/md.ashrafiftekhar/appiumstudio-reports/reports/test21
[Tue Jun 06 17:45:29 IST 2017] [20db] [driver] [end] quit
]]></system-out>
  <system-err><![CDATA[]]></system-err>
</testsuite>
