<!DOCTYPE html>
<html>
<head>
<meta http-equiv="Content-Type" content="text/html; charset=utf-8"/>
<meta http-equiv="x-ua-compatible" content="IE=edge"/>
<title>Test results - Class NewTest</title>
<link href="../css/base-style.css" rel="stylesheet" type="text/css"/>
<link href="../css/style.css" rel="stylesheet" type="text/css"/>
<script src="../js/report.js" type="text/javascript"></script>
</head>
<body>
<div id="content">
<h1>Class NewTest</h1>
<div class="breadcrumbs">
<a href="../index.html">all</a> &gt; 
<a href="../packages/default-package.html">default-package</a> &gt; NewTest</div>
<div id="summary">
<table>
<tr>
<td>
<div class="summaryGroup">
<table>
<tr>
<td>
<div class="infoBox" id="tests">
<div class="counter">1</div>
<p>tests</p>
</div>
</td>
<td>
<div class="infoBox" id="failures">
<div class="counter">1</div>
<p>failures</p>
</div>
</td>
<td>
<div class="infoBox" id="ignored">
<div class="counter">0</div>
<p>ignored</p>
</div>
</td>
<td>
<div class="infoBox" id="duration">
<div class="counter">29.643s</div>
<p>duration</p>
</div>
</td>
</tr>
</table>
</div>
</td>
<td>
<div class="infoBox failures" id="successRate">
<div class="percent">0%</div>
<p>successful</p>
</div>
</td>
</tr>
</table>
</div>
<div id="tabs">
<ul class="tabLinks">
<li>
<a href="#tab0">Failed tests</a>
</li>
<li>
<a href="#tab1">Tests</a>
</li>
<li>
<a href="#tab2">Standard output</a>
</li>
</ul>
<div id="tab0" class="tab">
<h2>Failed tests</h2>
<div class="test">
<a name="testUntitled"></a>
<h3 class="failures">testUntitled</h3>
<span class="code">
<pre>org.openqa.selenium.NoSuchElementException: org.openqa.selenium.NoSuchElementException: An element could not be located on the page using the given search parameters
For documentation on this error, please visit: http://seleniumhq.org/exceptions/no_such_element.html
Build info: version: '2.53.1', revision: 'a36b8b1cd5757287168e54b817830adce9b0158d', time: '2016-06-30 19:26:09'
System info: host: 'MdAshrafs-MacBook-Pro.local', ip: '10.128.7.213', os.name: 'Mac OS X', os.arch: 'x86_64', os.version: '10.12.5', java.version: '1.8.0_111'
Driver info: driver.version: SeeTestAndroidDriver
	at com.experitest.appium.STExceptions.throwNoSuchElementException(STExceptions.java:8)
	at com.experitest.appium.SeeTestAndroidElement.findElementBy(SeeTestAndroidElement.java:36)
	at com.experitest.appium.SeeTestAndroidDriver.findElementBy(SeeTestAndroidDriver.java:137)
	at com.experitest.appium.SeeTestAndroidDriver.findElementByXPath(SeeTestAndroidDriver.java:645)
	at org.openqa.selenium.By$ByXPath.findElement(By.java:361)
	at org.openqa.selenium.remote.RemoteWebDriver.findElement(RemoteWebDriver.java:355)
	at io.appium.java_client.DefaultGenericMobileDriver.findElement(DefaultGenericMobileDriver.java:52)
	at io.appium.java_client.AppiumDriver.findElement(AppiumDriver.java:1)
	at io.appium.java_client.android.AndroidDriver.findElement(AndroidDriver.java:1)
	at com.experitest.appium.SeeTestAndroidDriver.findElement(SeeTestAndroidDriver.java:867)
	at NewTest.testUntitled(NewTest.java:40)
	at sun.reflect.NativeMethodAccessorImpl.invoke0(Native Method)
	at sun.reflect.NativeMethodAccessorImpl.invoke(NativeMethodAccessorImpl.java:62)
	at sun.reflect.DelegatingMethodAccessorImpl.invoke(DelegatingMethodAccessorImpl.java:43)
	at java.lang.reflect.Method.invoke(Method.java:498)
	at org.junit.runners.model.FrameworkMethod$1.runReflectiveCall(FrameworkMethod.java:50)
	at org.junit.internal.runners.model.ReflectiveCallable.run(ReflectiveCallable.java:12)
	at org.junit.runners.model.FrameworkMethod.invokeExplosively(FrameworkMethod.java:47)
	at org.junit.internal.runners.statements.InvokeMethod.evaluate(InvokeMethod.java:17)
	at org.junit.internal.runners.statements.RunBefores.evaluate(RunBefores.java:26)
	at org.junit.internal.runners.statements.RunAfters.evaluate(RunAfters.java:27)
	at org.junit.runners.ParentRunner.runLeaf(ParentRunner.java:325)
	at org.junit.runners.BlockJUnit4ClassRunner.runChild(BlockJUnit4ClassRunner.java:78)
	at org.junit.runners.BlockJUnit4ClassRunner.runChild(BlockJUnit4ClassRunner.java:57)
	at org.junit.runners.ParentRunner$3.run(ParentRunner.java:290)
	at org.junit.runners.ParentRunner$1.schedule(ParentRunner.java:71)
	at org.junit.runners.ParentRunner.runChildren(ParentRunner.java:288)
	at org.junit.runners.ParentRunner.access$000(ParentRunner.java:58)
	at org.junit.runners.ParentRunner$2.evaluate(ParentRunner.java:268)
	at org.junit.runners.ParentRunner.run(ParentRunner.java:363)
	at org.gradle.api.internal.tasks.testing.junit.JUnitTestClassExecuter.runTestClass(JUnitTestClassExecuter.java:114)
	at org.gradle.api.internal.tasks.testing.junit.JUnitTestClassExecuter.execute(JUnitTestClassExecuter.java:57)
	at org.gradle.api.internal.tasks.testing.junit.JUnitTestClassProcessor.processTestClass(JUnitTestClassProcessor.java:66)
	at org.gradle.api.internal.tasks.testing.SuiteTestClassProcessor.processTestClass(SuiteTestClassProcessor.java:51)
	at sun.reflect.NativeMethodAccessorImpl.invoke0(Native Method)
	at sun.reflect.NativeMethodAccessorImpl.invoke(NativeMethodAccessorImpl.java:62)
	at sun.reflect.DelegatingMethodAccessorImpl.invoke(DelegatingMethodAccessorImpl.java:43)
	at java.lang.reflect.Method.invoke(Method.java:498)
	at org.gradle.internal.dispatch.ReflectionDispatch.dispatch(ReflectionDispatch.java:35)
	at org.gradle.internal.dispatch.ReflectionDispatch.dispatch(ReflectionDispatch.java:24)
	at org.gradle.internal.dispatch.ContextClassLoaderDispatch.dispatch(ContextClassLoaderDispatch.java:32)
	at org.gradle.internal.dispatch.ProxyDispatchAdapter$DispatchingInvocationHandler.invoke(ProxyDispatchAdapter.java:93)
	at com.sun.proxy.$Proxy2.processTestClass(Unknown Source)
	at org.gradle.api.internal.tasks.testing.worker.TestWorker.processTestClass(TestWorker.java:109)
	at sun.reflect.NativeMethodAccessorImpl.invoke0(Native Method)
	at sun.reflect.NativeMethodAccessorImpl.invoke(NativeMethodAccessorImpl.java:62)
	at sun.reflect.DelegatingMethodAccessorImpl.invoke(DelegatingMethodAccessorImpl.java:43)
	at java.lang.reflect.Method.invoke(Method.java:498)
	at org.gradle.internal.dispatch.ReflectionDispatch.dispatch(ReflectionDispatch.java:35)
	at org.gradle.internal.dispatch.ReflectionDispatch.dispatch(ReflectionDispatch.java:24)
	at org.gradle.internal.remote.internal.hub.MessageHub$Handler.run(MessageHub.java:377)
	at org.gradle.internal.concurrent.ExecutorPolicy$CatchAndRecordFailures.onExecute(ExecutorPolicy.java:54)
	at org.gradle.internal.concurrent.StoppableExecutorImpl$1.run(StoppableExecutorImpl.java:40)
	at java.util.concurrent.ThreadPoolExecutor.runWorker(ThreadPoolExecutor.java:1142)
	at java.util.concurrent.ThreadPoolExecutor$Worker.run(ThreadPoolExecutor.java:617)
	at java.lang.Thread.run(Thread.java:745)
</pre>
</span>
</div>
</div>
<div id="tab1" class="tab">
<h2>Tests</h2>
<table>
<thead>
<tr>
<th>Test</th>
<th>Duration</th>
<th>Result</th>
</tr>
</thead>
<tr>
<td class="failures">testUntitled</td>
<td>29.643s</td>
<td class="failures">failed</td>
</tr>
</table>
</div>
<div id="tab2" class="tab">
<h2>Standard output</h2>
<span class="code">
<pre>[Tue Jun 06 17:03:56 IST 2017] [driver] Starting test: 'Untitled'
[Tue Jun 06 17:03:56 IST 2017] [driver] {appPackage=com.giphy.messenger.debug, dontGoHomeOnQuit=false, noReset=false, dontStopAppOnReset=false, instrumentApp=false, reservationDuration=240, reportFormat=xml, fullReset=false, appActivity=com.giphy.messenger.app.MainActivity, waitForDeviceTimeout=120000, useRemoteGrid=false, reportDirectory=reports, [enableclientlog, enableclientlogger]=false, autoWebview=false, udid=0988beed027f8ab4, platformName=Android, testName=Untitled}
[Tue Jun 06 17:03:56 IST 2017] [driver] context: NATIVE_APP
[Tue Jun 06 17:03:56 IST 2017] [driver] application under test: 
[Tue Jun 06 17:03:56 IST 2017] [driver] app path: null
[Tue Jun 06 17:03:56 IST 2017] [driver] full reset: false
[Tue Jun 06 17:03:56 IST 2017] [driver] instrument: false
[Tue Jun 06 17:03:56 IST 2017] [driver] no reset: false
[Tue Jun 06 17:03:56 IST 2017] [driver] package name: com.giphy.messenger.debug
[Tue Jun 06 17:03:56 IST 2017] [driver] activity name: com.giphy.messenger.app.MainActivity
[Tue Jun 06 17:03:56 IST 2017] [driver] stop on reset: true
[Tue Jun 06 17:03:56 IST 2017] [driver] browser: false
[Tue Jun 06 17:03:56 IST 2017] [driver] connecting localhost:8889
[Tue Jun 06 17:03:56 IST 2017] [driver] Call of getSessionID returned: c05d
[Tue Jun 06 17:03:56 IST 2017] [driver] setting reporter directory: reports
[Tue Jun 06 17:03:56 IST 2017] [driver] setting reporter format: xml
[Tue Jun 06 17:03:56 IST 2017] [driver] setting test name: Untitled
[Tue Jun 06 17:03:56 IST 2017] [driver] wait for device '@serialnumber='0988beed027f8ab4'' timeout-ms='120000'
[Tue Jun 06 17:03:57 IST 2017] [driver] Device 'adb:Nexus 5' ready
[Tue Jun 06 17:03:58 IST 2017] [driver] launching com.giphy.messenger.debug/com.giphy.messenger.app.MainActivity ...
[Tue Jun 06 17:04:06 IST 2017] [driver] Call of launchApp returned: native
[Tue Jun 06 17:04:06 IST 2017] [c05d] [driver] [start] findElement(By.xpath: //*[@id='user_avatar_image_gif'])
[Tue Jun 06 17:04:06 IST 2017] [c05d] [driver] [start] findElementByXPath(&quot;//*[@id='user_avatar_image_gif']&quot;)
[Tue Jun 06 17:04:07 IST 2017] [c05d] [driver] [end] findElementByXPath
[Tue Jun 06 17:04:07 IST 2017] [c05d] [driver] [end] findElement
[Tue Jun 06 17:04:07 IST 2017] [c05d] [element] [start] click()
[Tue Jun 06 17:04:07 IST 2017] [c05d] [element] [end] click
[Tue Jun 06 17:04:07 IST 2017] [c05d] [driver] [start] findElement(By.xpath: //*[@id='user_avatar_image_gif'])
[Tue Jun 06 17:04:07 IST 2017] [c05d] [driver] [start] findElementByXPath(&quot;//*[@id='user_avatar_image_gif']&quot;)
[Tue Jun 06 17:04:18 IST 2017] [c05d] [driver] [end] findElementByXPath
[Tue Jun 06 17:04:18 IST 2017] [c05d] [driver] [end] findElement
[Tue Jun 06 17:04:18 IST 2017] [c05d] [driver] [start] quit()
[Tue Jun 06 17:04:25 IST 2017] [driver] Call of close returned: /Users/md.ashrafiftekhar/appiumstudio-reports/reports/test12
[Tue Jun 06 17:04:25 IST 2017] [c05d] [driver] [end] quit
</pre>
</span>
</div>
</div>
<div id="footer">
<p>
<div>
<label class="hidden" id="label-for-line-wrapping-toggle" for="line-wrapping-toggle">Wrap lines
<input id="line-wrapping-toggle" type="checkbox" autocomplete="off"/>
</label>
</div>Generated by 
<a href="http://www.gradle.org">Gradle 2.14.1</a> at Jun 6, 2017 5:04:50 PM</p>
</div>
</div>
</body>
</html>
